<?xml version="1.0" encoding="UTF-8"?>
<testng-results ignored="0" total="2" passed="2" failed="0" skipped="0">
  <reporter-output>
  </reporter-output>
  <suite started-at="2024-08-18T23:26:55 EAT" name="Default Suite" finished-at="2024-08-18T23:26:57 EAT" duration-ms="1125">
    <groups>
    </groups>
    <test started-at="2024-08-18T23:26:55 EAT" name="RestAssuredProject1" finished-at="2024-08-18T23:26:57 EAT" duration-ms="1125">
      <class name="APITests">
        <test-method signature="test1()[pri:0, instance:APITests@7fee8714]" started-at="2024-08-18T23:26:55 EAT" name="test1" finished-at="2024-08-18T23:26:56 EAT" duration-ms="981" status="PASS">
          <reporter-output>
          </reporter-output>
        </test-method> <!-- test1 -->
        <test-method signature="test2()[pri:0, instance:APITests@7fee8714]" started-at="2024-08-18T23:26:56 EAT" name="test2" finished-at="2024-08-18T23:26:57 EAT" duration-ms="122" status="PASS">
          <reporter-output>
          </reporter-output>
        </test-method> <!-- test2 -->
      </class> <!-- APITests -->
    </test> <!-- RestAssuredProject1 -->
  </suite> <!-- Default Suite -->
</testng-results>
